<?xml version="1.0" encoding="UTF-8" standalone="no"?><testsuite errors="0" failures="0" name="Leer y descargar archivos firmados electrónicamente desde el VDM" skipped="7" tests="7" time="0.11" timestamp="2023-09-11 03:00:11"><testcase name="Upload de documento sin modificar propiedades originales"><skipped/></testcase><testcase name="Mantener propiedades de firma en control de calidad"><skipped/></testcase><testcase name="Mantener propiedades de firma en almacenamiento en bodega"><skipped/></testcase><testcase name="Visualizar o descargar documentos sin leyenda incrustada por VDM"><skipped/></testcase><testcase name="Check deshabilitado en la pantalla de consulta"><skipped/></testcase><testcase name="Check habilitado al realizar una consulta de documentos"><skipped/></testcase><testcase name="Aplicar condición del check a varios documentos seleccionados"><skipped/></testcase></testsuite>