<?xml version="1.0" encoding="UTF-8" standalone="no"?><testsuite errors="0" failures="2" name="Abrir una cuenta como laboral dependiente" skipped="0" tests="2" time="7.77" timestamp="2023-09-08 04:52:49"><testcase name=""><failure message="&#13;&#10;Expected: an element that is present&#13;&#10;     but: no matching element found by [Text Title located with: //h2[starts-with(text(),'Ingresa tus datos de contacto')]] was not present" type="java.lang.AssertionError">&#13;
Expected: an element that is present&#13;
     but: no matching element found by [Text Title located with: //h2[starts-with(text(),'Ingresa tus datos de contacto')]] was not present</failure><system-err>&#13;
Expected: an element that is present&#13;
     but: no matching element found by [Text Title located with: //h2[starts-with(text(),'Ingresa tus datos de contacto')]] was not present&#13;
org.example.onb.stepdefinitions.DependentLaborStepDefinitions.el_usuario_es_redirigido_a_la_pagina_de_ingresar_domicilio(DependentLaborStepDefinitions.java:98)&#13;
io.cucumber.java.Invoker.doInvoke(Invoker.java:66)&#13;
io.cucumber.java.Invoker.invoke(Invoker.java:24)&#13;
io.cucumber.java.AbstractGlueDefinition.invokeMethod(AbstractGlueDefinition.java:47)&#13;
io.cucumber.java.JavaStepDefinition.execute(JavaStepDefinition.java:29)&#13;
io.cucumber.core.runner.CoreStepDefinition.execute(CoreStepDefinition.java:66)&#13;
io.cucumber.core.runner.PickleStepDefinitionMatch.runStep(PickleStepDefinitionMatch.java:63)&#13;
io.cucumber.core.runner.TestStep.executeStep(TestStep.java:84)&#13;
io.cucumber.core.runner.TestStep.run(TestStep.java:56)&#13;
io.cucumber.core.runner.PickleStepTestStep.run(PickleStepTestStep.java:51)&#13;
io.cucumber.core.runner.TestCase.run(TestCase.java:84)&#13;
io.cucumber.core.runner.Runner.runPickle(Runner.java:75)&#13;
io.cucumber.core.runtime.CucumberExecutionContext.lambda$runTestCase$5(CucumberExecutionContext.java:137)&#13;
io.cucumber.core.runtime.RethrowingThrowableCollector.executeAndThrow(RethrowingThrowableCollector.java:23)&#13;
io.cucumber.core.runtime.CucumberExecutionContext.runTestCase(CucumberExecutionContext.java:137)&#13;
io.cucumber.junit.FeatureRunner.runChild(FeatureRunner.java:144)&#13;
io.cucumber.junit.FeatureRunner.runChild(FeatureRunner.java:28)&#13;
io.cucumber.junit.FeatureRunner.run(FeatureRunner.java:137)&#13;
io.cucumber.junit.CucumberSerenityBaseRunner.runChild(CucumberSerenityBaseRunner.java:330)&#13;
io.cucumber.junit.CucumberSerenityBaseRunner.runChild(CucumberSerenityBaseRunner.java:51)&#13;
</system-err></testcase></testsuite>